ARM GAS  C:\Users\Chrispy\AppData\Local\Temp\ccv7d6If.s 			page 1


   1              		.syntax unified
   2              		.cpu cortex-m3
   3              		.fpu softvfp
   4              		.eabi_attribute 20, 1
   5              		.eabi_attribute 21, 1
   6              		.eabi_attribute 23, 3
   7              		.eabi_attribute 24, 1
   8              		.eabi_attribute 25, 1
   9              		.eabi_attribute 26, 1
  10              		.eabi_attribute 30, 6
  11              		.eabi_attribute 18, 4
  12              		.thumb
  13              		.file	"VDAC8_1.c"
  14              		.section	.debug_abbrev,"",%progbits
  15              	.Ldebug_abbrev0:
  16              		.section	.debug_info,"",%progbits
  17              	.Ldebug_info0:
  18              		.section	.debug_line,"",%progbits
  19              	.Ldebug_line0:
  20 0000 1C010000 		.text
  20      02006D00 
  20      00000201 
  20      FB0E0D00 
  20      01010101 
  21              	.Ltext0:
  22              		.cfi_sections	.debug_frame
  23              		.global	VDAC8_1_initVar
  24              		.bss
  25              		.type	VDAC8_1_initVar, %object
  26              		.size	VDAC8_1_initVar, 1
  27              	VDAC8_1_initVar:
  28 0000 00       		.space	1
  29              	VDAC8_1_restoreVal:
  30 0001 00       		.space	1
  31 0002 0000     		.align	2
  32              	VDAC8_1_backup:
  33 0004 0000     		.space	2
  34 0006 0000     		.section	.text.VDAC8_1_Init,"ax",%progbits
  35              		.align	2
  36              		.global	VDAC8_1_Init
  37              		.thumb
  38              		.thumb_func
  39              		.type	VDAC8_1_Init, %function
  40              	VDAC8_1_Init:
  41              	.LFB0:
  42              		.file 1 ".\\Generated_Source\\PSoC5\\VDAC8_1.c"
   1:.\Generated_Source\PSoC5/VDAC8_1.c **** /*******************************************************************************
   2:.\Generated_Source\PSoC5/VDAC8_1.c **** * File Name: VDAC8_1.c  
   3:.\Generated_Source\PSoC5/VDAC8_1.c **** * Version 1.90
   4:.\Generated_Source\PSoC5/VDAC8_1.c **** *
   5:.\Generated_Source\PSoC5/VDAC8_1.c **** * Description:
   6:.\Generated_Source\PSoC5/VDAC8_1.c **** *  This file provides the source code to the API for the 8-bit Voltage DAC 
   7:.\Generated_Source\PSoC5/VDAC8_1.c **** *  (VDAC8) User Module.
   8:.\Generated_Source\PSoC5/VDAC8_1.c **** *
   9:.\Generated_Source\PSoC5/VDAC8_1.c **** * Note:
  10:.\Generated_Source\PSoC5/VDAC8_1.c **** *  Any unusual or non-standard behavior should be noted here. Other-
  11:.\Generated_Source\PSoC5/VDAC8_1.c **** *  wise, this section should remain blank.
ARM GAS  C:\Users\Chrispy\AppData\Local\Temp\ccv7d6If.s 			page 2


  12:.\Generated_Source\PSoC5/VDAC8_1.c **** *
  13:.\Generated_Source\PSoC5/VDAC8_1.c **** ********************************************************************************
  14:.\Generated_Source\PSoC5/VDAC8_1.c **** * Copyright 2008-2012, Cypress Semiconductor Corporation.  All rights reserved.
  15:.\Generated_Source\PSoC5/VDAC8_1.c **** * You may use this file only in accordance with the license, terms, conditions, 
  16:.\Generated_Source\PSoC5/VDAC8_1.c **** * disclaimers, and limitations in the end user license agreement accompanying 
  17:.\Generated_Source\PSoC5/VDAC8_1.c **** * the software package with which this file was provided.
  18:.\Generated_Source\PSoC5/VDAC8_1.c **** *******************************************************************************/
  19:.\Generated_Source\PSoC5/VDAC8_1.c **** 
  20:.\Generated_Source\PSoC5/VDAC8_1.c **** #include "cytypes.h"
  21:.\Generated_Source\PSoC5/VDAC8_1.c **** #include "VDAC8_1.h"
  22:.\Generated_Source\PSoC5/VDAC8_1.c **** 
  23:.\Generated_Source\PSoC5/VDAC8_1.c **** #if (CY_PSOC5A)
  24:.\Generated_Source\PSoC5/VDAC8_1.c **** #include <CyLib.h>
  25:.\Generated_Source\PSoC5/VDAC8_1.c **** #endif /* CY_PSOC5A */
  26:.\Generated_Source\PSoC5/VDAC8_1.c **** 
  27:.\Generated_Source\PSoC5/VDAC8_1.c **** uint8 VDAC8_1_initVar = 0u;
  28:.\Generated_Source\PSoC5/VDAC8_1.c **** 
  29:.\Generated_Source\PSoC5/VDAC8_1.c **** #if (CY_PSOC5A)
  30:.\Generated_Source\PSoC5/VDAC8_1.c ****     static uint8 VDAC8_1_restoreVal = 0u;
  31:.\Generated_Source\PSoC5/VDAC8_1.c **** #endif /* CY_PSOC5A */
  32:.\Generated_Source\PSoC5/VDAC8_1.c **** 
  33:.\Generated_Source\PSoC5/VDAC8_1.c **** #if (CY_PSOC5A)
  34:.\Generated_Source\PSoC5/VDAC8_1.c ****     static VDAC8_1_backupStruct VDAC8_1_backup;
  35:.\Generated_Source\PSoC5/VDAC8_1.c **** #endif /* CY_PSOC5A */
  36:.\Generated_Source\PSoC5/VDAC8_1.c **** 
  37:.\Generated_Source\PSoC5/VDAC8_1.c **** 
  38:.\Generated_Source\PSoC5/VDAC8_1.c **** /*******************************************************************************
  39:.\Generated_Source\PSoC5/VDAC8_1.c **** * Function Name: VDAC8_1_Init
  40:.\Generated_Source\PSoC5/VDAC8_1.c **** ********************************************************************************
  41:.\Generated_Source\PSoC5/VDAC8_1.c **** * Summary:
  42:.\Generated_Source\PSoC5/VDAC8_1.c **** *  Initialize to the schematic state.
  43:.\Generated_Source\PSoC5/VDAC8_1.c **** * 
  44:.\Generated_Source\PSoC5/VDAC8_1.c **** * Parameters:
  45:.\Generated_Source\PSoC5/VDAC8_1.c **** *  void:
  46:.\Generated_Source\PSoC5/VDAC8_1.c **** *
  47:.\Generated_Source\PSoC5/VDAC8_1.c **** * Return:
  48:.\Generated_Source\PSoC5/VDAC8_1.c **** *  void
  49:.\Generated_Source\PSoC5/VDAC8_1.c **** *
  50:.\Generated_Source\PSoC5/VDAC8_1.c **** * Theory:
  51:.\Generated_Source\PSoC5/VDAC8_1.c **** *
  52:.\Generated_Source\PSoC5/VDAC8_1.c **** * Side Effects:
  53:.\Generated_Source\PSoC5/VDAC8_1.c **** *
  54:.\Generated_Source\PSoC5/VDAC8_1.c **** *******************************************************************************/
  55:.\Generated_Source\PSoC5/VDAC8_1.c **** void VDAC8_1_Init(void) 
  56:.\Generated_Source\PSoC5/VDAC8_1.c **** {
  43              		.loc 1 56 0
  44              		.cfi_startproc
  45              		@ args = 0, pretend = 0, frame = 0
  46              		@ frame_needed = 1, uses_anonymous_args = 0
  47 0000 80B5     		push	{r7, lr}
  48              	.LCFI0:
  49              		.cfi_def_cfa_offset 8
  50 0002 00AF     		add	r7, sp, #0
  51              		.cfi_offset 14, -4
  52              		.cfi_offset 7, -8
  53              	.LCFI1:
  54              		.cfi_def_cfa_register 7
ARM GAS  C:\Users\Chrispy\AppData\Local\Temp\ccv7d6If.s 			page 3


  57:.\Generated_Source\PSoC5/VDAC8_1.c ****     VDAC8_1_CR0 = (VDAC8_1_MODE_V );
  55              		.loc 1 57 0
  56 0004 45F62803 		movw	r3, #:lower16:1073764392
  57 0008 C4F20003 		movt	r3, #:upper16:1073764392
  58 000c 4FF00002 		mov	r2, #0
  59 0010 1A70     		strb	r2, [r3, #0]
  58:.\Generated_Source\PSoC5/VDAC8_1.c **** 
  59:.\Generated_Source\PSoC5/VDAC8_1.c ****     /* Set default data source */
  60:.\Generated_Source\PSoC5/VDAC8_1.c ****     #if(VDAC8_1_DEFAULT_DATA_SRC != 0 )
  61:.\Generated_Source\PSoC5/VDAC8_1.c ****         VDAC8_1_CR1 = (VDAC8_1_DEFAULT_CNTL | VDAC8_1_DACBUS_ENABLE) ;
  62:.\Generated_Source\PSoC5/VDAC8_1.c ****     #else
  63:.\Generated_Source\PSoC5/VDAC8_1.c ****         VDAC8_1_CR1 = (VDAC8_1_DEFAULT_CNTL | VDAC8_1_DACBUS_DISABLE) ;
  60              		.loc 1 63 0
  61 0012 45F62903 		movw	r3, #:lower16:1073764393
  62 0016 C4F20003 		movt	r3, #:upper16:1073764393
  63 001a 4FF00002 		mov	r2, #0
  64 001e 1A70     		strb	r2, [r3, #0]
  64:.\Generated_Source\PSoC5/VDAC8_1.c ****     #endif /* (VDAC8_1_DEFAULT_DATA_SRC != 0 ) */
  65:.\Generated_Source\PSoC5/VDAC8_1.c **** 
  66:.\Generated_Source\PSoC5/VDAC8_1.c ****     /* Set default strobe mode */
  67:.\Generated_Source\PSoC5/VDAC8_1.c ****     #if(VDAC8_1_DEFAULT_STRB != 0)
  68:.\Generated_Source\PSoC5/VDAC8_1.c ****         VDAC8_1_Strobe |= VDAC8_1_STRB_EN ;
  69:.\Generated_Source\PSoC5/VDAC8_1.c ****     #endif/* (VDAC8_1_DEFAULT_STRB != 0) */
  70:.\Generated_Source\PSoC5/VDAC8_1.c **** 
  71:.\Generated_Source\PSoC5/VDAC8_1.c ****     /* Set default range */
  72:.\Generated_Source\PSoC5/VDAC8_1.c ****     VDAC8_1_SetRange(VDAC8_1_DEFAULT_RANGE); 
  65              		.loc 1 72 0
  66 0020 4FF00400 		mov	r0, #4
  67 0024 FFF7FEFF 		bl	VDAC8_1_SetRange
  73:.\Generated_Source\PSoC5/VDAC8_1.c **** 
  74:.\Generated_Source\PSoC5/VDAC8_1.c ****     /* Set default speed */
  75:.\Generated_Source\PSoC5/VDAC8_1.c ****     VDAC8_1_SetSpeed(VDAC8_1_DEFAULT_SPEED);
  68              		.loc 1 75 0
  69 0028 4FF00200 		mov	r0, #2
  70 002c FFF7FEFF 		bl	VDAC8_1_SetSpeed
  76:.\Generated_Source\PSoC5/VDAC8_1.c **** }
  71              		.loc 1 76 0
  72 0030 80BD     		pop	{r7, pc}
  73              		.cfi_endproc
  74              	.LFE0:
  75              		.size	VDAC8_1_Init, .-VDAC8_1_Init
  76 0032 00BF     		.section	.text.VDAC8_1_Enable,"ax",%progbits
  77              		.align	2
  78              		.global	VDAC8_1_Enable
  79              		.thumb
  80              		.thumb_func
  81              		.type	VDAC8_1_Enable, %function
  82              	VDAC8_1_Enable:
  83              	.LFB1:
  77:.\Generated_Source\PSoC5/VDAC8_1.c **** 
  78:.\Generated_Source\PSoC5/VDAC8_1.c **** 
  79:.\Generated_Source\PSoC5/VDAC8_1.c **** /*******************************************************************************
  80:.\Generated_Source\PSoC5/VDAC8_1.c **** * Function Name: VDAC8_1_Enable
  81:.\Generated_Source\PSoC5/VDAC8_1.c **** ********************************************************************************
  82:.\Generated_Source\PSoC5/VDAC8_1.c **** * Summary:
  83:.\Generated_Source\PSoC5/VDAC8_1.c **** *  Enable the VDAC8
  84:.\Generated_Source\PSoC5/VDAC8_1.c **** * 
ARM GAS  C:\Users\Chrispy\AppData\Local\Temp\ccv7d6If.s 			page 4


  85:.\Generated_Source\PSoC5/VDAC8_1.c **** * Parameters:
  86:.\Generated_Source\PSoC5/VDAC8_1.c **** *  void
  87:.\Generated_Source\PSoC5/VDAC8_1.c **** *
  88:.\Generated_Source\PSoC5/VDAC8_1.c **** * Return:
  89:.\Generated_Source\PSoC5/VDAC8_1.c **** *  void
  90:.\Generated_Source\PSoC5/VDAC8_1.c **** *
  91:.\Generated_Source\PSoC5/VDAC8_1.c **** * Theory:
  92:.\Generated_Source\PSoC5/VDAC8_1.c **** *
  93:.\Generated_Source\PSoC5/VDAC8_1.c **** * Side Effects:
  94:.\Generated_Source\PSoC5/VDAC8_1.c **** *
  95:.\Generated_Source\PSoC5/VDAC8_1.c **** *******************************************************************************/
  96:.\Generated_Source\PSoC5/VDAC8_1.c **** void VDAC8_1_Enable(void) 
  97:.\Generated_Source\PSoC5/VDAC8_1.c **** {
  84              		.loc 1 97 0
  85              		.cfi_startproc
  86              		@ args = 0, pretend = 0, frame = 0
  87              		@ frame_needed = 1, uses_anonymous_args = 0
  88              		@ link register save eliminated.
  89 0000 80B4     		push	{r7}
  90              	.LCFI2:
  91              		.cfi_def_cfa_offset 4
  92 0002 00AF     		add	r7, sp, #0
  93              		.cfi_offset 7, -4
  94              	.LCFI3:
  95              		.cfi_def_cfa_register 7
  98:.\Generated_Source\PSoC5/VDAC8_1.c ****     VDAC8_1_PWRMGR |= VDAC8_1_ACT_PWR_EN;
  96              		.loc 1 98 0
  97 0004 44F2A833 		movw	r3, #:lower16:1073759144
  98 0008 C4F20003 		movt	r3, #:upper16:1073759144
  99 000c 44F2A832 		movw	r2, #:lower16:1073759144
 100 0010 C4F20002 		movt	r2, #:upper16:1073759144
 101 0014 1278     		ldrb	r2, [r2, #0]
 102 0016 D2B2     		uxtb	r2, r2
 103 0018 42F00402 		orr	r2, r2, #4
 104 001c D2B2     		uxtb	r2, r2
 105 001e 1A70     		strb	r2, [r3, #0]
  99:.\Generated_Source\PSoC5/VDAC8_1.c ****     VDAC8_1_STBY_PWRMGR |= VDAC8_1_STBY_PWR_EN;
 106              		.loc 1 99 0
 107 0020 44F2B833 		movw	r3, #:lower16:1073759160
 108 0024 C4F20003 		movt	r3, #:upper16:1073759160
 109 0028 44F2B832 		movw	r2, #:lower16:1073759160
 110 002c C4F20002 		movt	r2, #:upper16:1073759160
 111 0030 1278     		ldrb	r2, [r2, #0]
 112 0032 D2B2     		uxtb	r2, r2
 113 0034 42F00402 		orr	r2, r2, #4
 114 0038 D2B2     		uxtb	r2, r2
 115 003a 1A70     		strb	r2, [r3, #0]
 100:.\Generated_Source\PSoC5/VDAC8_1.c **** 
 101:.\Generated_Source\PSoC5/VDAC8_1.c ****     /*This is to restore the value of register CR0 ,
 102:.\Generated_Source\PSoC5/VDAC8_1.c ****     which is modified  in Stop API , this prevents misbehaviour of VDAC */
 103:.\Generated_Source\PSoC5/VDAC8_1.c ****     #if (CY_PSOC5A)
 104:.\Generated_Source\PSoC5/VDAC8_1.c ****         if(VDAC8_1_restoreVal == 1u) 
 116              		.loc 1 104 0
 117 003c 40F20003 		movw	r3, #:lower16:VDAC8_1_restoreVal
 118 0040 C0F20003 		movt	r3, #:upper16:VDAC8_1_restoreVal
 119 0044 1B78     		ldrb	r3, [r3, #0]	@ zero_extendqisi2
 120 0046 012B     		cmp	r3, #1
ARM GAS  C:\Users\Chrispy\AppData\Local\Temp\ccv7d6If.s 			page 5


 121 0048 10D1     		bne	.L5
 105:.\Generated_Source\PSoC5/VDAC8_1.c ****         {
 106:.\Generated_Source\PSoC5/VDAC8_1.c ****              VDAC8_1_CR0 = VDAC8_1_backup.data_value;
 122              		.loc 1 106 0
 123 004a 45F62803 		movw	r3, #:lower16:1073764392
 124 004e C4F20003 		movt	r3, #:upper16:1073764392
 125 0052 40F20002 		movw	r2, #:lower16:VDAC8_1_backup
 126 0056 C0F20002 		movt	r2, #:upper16:VDAC8_1_backup
 127 005a 5278     		ldrb	r2, [r2, #1]	@ zero_extendqisi2
 128 005c 1A70     		strb	r2, [r3, #0]
 107:.\Generated_Source\PSoC5/VDAC8_1.c ****              VDAC8_1_restoreVal = 0u;
 129              		.loc 1 107 0
 130 005e 40F20003 		movw	r3, #:lower16:VDAC8_1_restoreVal
 131 0062 C0F20003 		movt	r3, #:upper16:VDAC8_1_restoreVal
 132 0066 4FF00002 		mov	r2, #0
 133 006a 1A70     		strb	r2, [r3, #0]
 134              	.L5:
 108:.\Generated_Source\PSoC5/VDAC8_1.c ****         }
 109:.\Generated_Source\PSoC5/VDAC8_1.c ****     #endif /* CY_PSOC5A */
 110:.\Generated_Source\PSoC5/VDAC8_1.c **** }
 135              		.loc 1 110 0
 136 006c BD46     		mov	sp, r7
 137 006e 80BC     		pop	{r7}
 138 0070 7047     		bx	lr
 139              		.cfi_endproc
 140              	.LFE1:
 141              		.size	VDAC8_1_Enable, .-VDAC8_1_Enable
 142 0072 00BF     		.section	.text.VDAC8_1_Start,"ax",%progbits
 143              		.align	2
 144              		.global	VDAC8_1_Start
 145              		.thumb
 146              		.thumb_func
 147              		.type	VDAC8_1_Start, %function
 148              	VDAC8_1_Start:
 149              	.LFB2:
 111:.\Generated_Source\PSoC5/VDAC8_1.c **** 
 112:.\Generated_Source\PSoC5/VDAC8_1.c **** 
 113:.\Generated_Source\PSoC5/VDAC8_1.c **** /*******************************************************************************
 114:.\Generated_Source\PSoC5/VDAC8_1.c **** * Function Name: VDAC8_1_Start
 115:.\Generated_Source\PSoC5/VDAC8_1.c **** ********************************************************************************
 116:.\Generated_Source\PSoC5/VDAC8_1.c **** *
 117:.\Generated_Source\PSoC5/VDAC8_1.c **** * Summary:
 118:.\Generated_Source\PSoC5/VDAC8_1.c **** *  The start function initializes the voltage DAC with the default values, 
 119:.\Generated_Source\PSoC5/VDAC8_1.c **** *  and sets the power to the given level.  A power level of 0, is the same as
 120:.\Generated_Source\PSoC5/VDAC8_1.c **** *  executing the stop function.
 121:.\Generated_Source\PSoC5/VDAC8_1.c **** *
 122:.\Generated_Source\PSoC5/VDAC8_1.c **** * Parameters:
 123:.\Generated_Source\PSoC5/VDAC8_1.c **** *  Power: Sets power level between off (0) and (3) high power
 124:.\Generated_Source\PSoC5/VDAC8_1.c **** *
 125:.\Generated_Source\PSoC5/VDAC8_1.c **** * Return:
 126:.\Generated_Source\PSoC5/VDAC8_1.c **** *  void 
 127:.\Generated_Source\PSoC5/VDAC8_1.c **** *
 128:.\Generated_Source\PSoC5/VDAC8_1.c **** * Global variables:
 129:.\Generated_Source\PSoC5/VDAC8_1.c **** *  VDAC8_1_initVar: Is modified when this function is called for the 
 130:.\Generated_Source\PSoC5/VDAC8_1.c **** *  first time. Is used to ensure that initialization happens only once.
 131:.\Generated_Source\PSoC5/VDAC8_1.c **** *
 132:.\Generated_Source\PSoC5/VDAC8_1.c **** *******************************************************************************/
ARM GAS  C:\Users\Chrispy\AppData\Local\Temp\ccv7d6If.s 			page 6


 133:.\Generated_Source\PSoC5/VDAC8_1.c **** void VDAC8_1_Start(void)  
 134:.\Generated_Source\PSoC5/VDAC8_1.c **** {
 150              		.loc 1 134 0
 151              		.cfi_startproc
 152              		@ args = 0, pretend = 0, frame = 0
 153              		@ frame_needed = 1, uses_anonymous_args = 0
 154 0000 80B5     		push	{r7, lr}
 155              	.LCFI4:
 156              		.cfi_def_cfa_offset 8
 157 0002 00AF     		add	r7, sp, #0
 158              		.cfi_offset 14, -4
 159              		.cfi_offset 7, -8
 160              	.LCFI5:
 161              		.cfi_def_cfa_register 7
 135:.\Generated_Source\PSoC5/VDAC8_1.c ****     /* Hardware initiazation only needs to occure the first time */
 136:.\Generated_Source\PSoC5/VDAC8_1.c ****     if(VDAC8_1_initVar == 0u)
 162              		.loc 1 136 0
 163 0004 40F20003 		movw	r3, #:lower16:VDAC8_1_initVar
 164 0008 C0F20003 		movt	r3, #:upper16:VDAC8_1_initVar
 165 000c 1B78     		ldrb	r3, [r3, #0]	@ zero_extendqisi2
 166 000e 002B     		cmp	r3, #0
 167 0010 08D1     		bne	.L7
 137:.\Generated_Source\PSoC5/VDAC8_1.c ****     { 
 138:.\Generated_Source\PSoC5/VDAC8_1.c ****         VDAC8_1_Init();
 168              		.loc 1 138 0
 169 0012 FFF7FEFF 		bl	VDAC8_1_Init
 139:.\Generated_Source\PSoC5/VDAC8_1.c ****         VDAC8_1_initVar = 1u;
 170              		.loc 1 139 0
 171 0016 40F20003 		movw	r3, #:lower16:VDAC8_1_initVar
 172 001a C0F20003 		movt	r3, #:upper16:VDAC8_1_initVar
 173 001e 4FF00102 		mov	r2, #1
 174 0022 1A70     		strb	r2, [r3, #0]
 175              	.L7:
 140:.\Generated_Source\PSoC5/VDAC8_1.c ****     }
 141:.\Generated_Source\PSoC5/VDAC8_1.c **** 
 142:.\Generated_Source\PSoC5/VDAC8_1.c ****     /* Enable power to DAC */
 143:.\Generated_Source\PSoC5/VDAC8_1.c ****     VDAC8_1_Enable();
 176              		.loc 1 143 0
 177 0024 FFF7FEFF 		bl	VDAC8_1_Enable
 144:.\Generated_Source\PSoC5/VDAC8_1.c **** 
 145:.\Generated_Source\PSoC5/VDAC8_1.c ****     /* Set default value */
 146:.\Generated_Source\PSoC5/VDAC8_1.c ****     VDAC8_1_SetValue(VDAC8_1_DEFAULT_DATA); 
 178              		.loc 1 146 0
 179 0028 4FF00000 		mov	r0, #0
 180 002c FFF7FEFF 		bl	VDAC8_1_SetValue
 147:.\Generated_Source\PSoC5/VDAC8_1.c **** }
 181              		.loc 1 147 0
 182 0030 80BD     		pop	{r7, pc}
 183              		.cfi_endproc
 184              	.LFE2:
 185              		.size	VDAC8_1_Start, .-VDAC8_1_Start
 186 0032 00BF     		.section	.text.VDAC8_1_Stop,"ax",%progbits
 187              		.align	2
 188              		.global	VDAC8_1_Stop
 189              		.thumb
 190              		.thumb_func
 191              		.type	VDAC8_1_Stop, %function
ARM GAS  C:\Users\Chrispy\AppData\Local\Temp\ccv7d6If.s 			page 7


 192              	VDAC8_1_Stop:
 193              	.LFB3:
 148:.\Generated_Source\PSoC5/VDAC8_1.c **** 
 149:.\Generated_Source\PSoC5/VDAC8_1.c **** 
 150:.\Generated_Source\PSoC5/VDAC8_1.c **** /*******************************************************************************
 151:.\Generated_Source\PSoC5/VDAC8_1.c **** * Function Name: VDAC8_1_Stop
 152:.\Generated_Source\PSoC5/VDAC8_1.c **** ********************************************************************************
 153:.\Generated_Source\PSoC5/VDAC8_1.c **** *
 154:.\Generated_Source\PSoC5/VDAC8_1.c **** * Summary:
 155:.\Generated_Source\PSoC5/VDAC8_1.c **** *  Powers down DAC to lowest power state.
 156:.\Generated_Source\PSoC5/VDAC8_1.c **** *
 157:.\Generated_Source\PSoC5/VDAC8_1.c **** * Parameters:
 158:.\Generated_Source\PSoC5/VDAC8_1.c **** *  void
 159:.\Generated_Source\PSoC5/VDAC8_1.c **** *
 160:.\Generated_Source\PSoC5/VDAC8_1.c **** * Return:
 161:.\Generated_Source\PSoC5/VDAC8_1.c **** *  void
 162:.\Generated_Source\PSoC5/VDAC8_1.c **** *
 163:.\Generated_Source\PSoC5/VDAC8_1.c **** * Theory:
 164:.\Generated_Source\PSoC5/VDAC8_1.c **** *
 165:.\Generated_Source\PSoC5/VDAC8_1.c **** * Side Effects:
 166:.\Generated_Source\PSoC5/VDAC8_1.c **** *
 167:.\Generated_Source\PSoC5/VDAC8_1.c **** *******************************************************************************/
 168:.\Generated_Source\PSoC5/VDAC8_1.c **** void VDAC8_1_Stop(void) 
 169:.\Generated_Source\PSoC5/VDAC8_1.c **** {
 194              		.loc 1 169 0
 195              		.cfi_startproc
 196              		@ args = 0, pretend = 0, frame = 0
 197              		@ frame_needed = 1, uses_anonymous_args = 0
 198              		@ link register save eliminated.
 199 0000 80B4     		push	{r7}
 200              	.LCFI6:
 201              		.cfi_def_cfa_offset 4
 202 0002 00AF     		add	r7, sp, #0
 203              		.cfi_offset 7, -4
 204              	.LCFI7:
 205              		.cfi_def_cfa_register 7
 170:.\Generated_Source\PSoC5/VDAC8_1.c ****     /* Disble power to DAC */
 171:.\Generated_Source\PSoC5/VDAC8_1.c ****     VDAC8_1_PWRMGR &= (uint8)(~VDAC8_1_ACT_PWR_EN);
 206              		.loc 1 171 0
 207 0004 44F2A833 		movw	r3, #:lower16:1073759144
 208 0008 C4F20003 		movt	r3, #:upper16:1073759144
 209 000c 44F2A832 		movw	r2, #:lower16:1073759144
 210 0010 C4F20002 		movt	r2, #:upper16:1073759144
 211 0014 1278     		ldrb	r2, [r2, #0]
 212 0016 D2B2     		uxtb	r2, r2
 213 0018 02F0FB02 		and	r2, r2, #251
 214 001c 1A70     		strb	r2, [r3, #0]
 172:.\Generated_Source\PSoC5/VDAC8_1.c ****     VDAC8_1_STBY_PWRMGR &= (uint8)(~VDAC8_1_STBY_PWR_EN);
 215              		.loc 1 172 0
 216 001e 44F2B833 		movw	r3, #:lower16:1073759160
 217 0022 C4F20003 		movt	r3, #:upper16:1073759160
 218 0026 44F2B832 		movw	r2, #:lower16:1073759160
 219 002a C4F20002 		movt	r2, #:upper16:1073759160
 220 002e 1278     		ldrb	r2, [r2, #0]
 221 0030 D2B2     		uxtb	r2, r2
 222 0032 02F0FB02 		and	r2, r2, #251
 223 0036 1A70     		strb	r2, [r3, #0]
ARM GAS  C:\Users\Chrispy\AppData\Local\Temp\ccv7d6If.s 			page 8


 173:.\Generated_Source\PSoC5/VDAC8_1.c **** 
 174:.\Generated_Source\PSoC5/VDAC8_1.c ****     /* This is a work around for PSoC5A  ,
 175:.\Generated_Source\PSoC5/VDAC8_1.c ****     this sets VDAC to current mode with output off */
 176:.\Generated_Source\PSoC5/VDAC8_1.c ****     #if (CY_PSOC5A)
 177:.\Generated_Source\PSoC5/VDAC8_1.c ****         VDAC8_1_backup.data_value = VDAC8_1_CR0;
 224              		.loc 1 177 0
 225 0038 45F62803 		movw	r3, #:lower16:1073764392
 226 003c C4F20003 		movt	r3, #:upper16:1073764392
 227 0040 1B78     		ldrb	r3, [r3, #0]
 228 0042 DAB2     		uxtb	r2, r3
 229 0044 40F20003 		movw	r3, #:lower16:VDAC8_1_backup
 230 0048 C0F20003 		movt	r3, #:upper16:VDAC8_1_backup
 231 004c 5A70     		strb	r2, [r3, #1]
 178:.\Generated_Source\PSoC5/VDAC8_1.c ****         VDAC8_1_CR0 = VDAC8_1_CUR_MODE_OUT_OFF;
 232              		.loc 1 178 0
 233 004e 45F62803 		movw	r3, #:lower16:1073764392
 234 0052 C4F20003 		movt	r3, #:upper16:1073764392
 235 0056 4FF01E02 		mov	r2, #30
 236 005a 1A70     		strb	r2, [r3, #0]
 179:.\Generated_Source\PSoC5/VDAC8_1.c ****         VDAC8_1_restoreVal = 1u;
 237              		.loc 1 179 0
 238 005c 40F20003 		movw	r3, #:lower16:VDAC8_1_restoreVal
 239 0060 C0F20003 		movt	r3, #:upper16:VDAC8_1_restoreVal
 240 0064 4FF00102 		mov	r2, #1
 241 0068 1A70     		strb	r2, [r3, #0]
 180:.\Generated_Source\PSoC5/VDAC8_1.c ****     #endif /* CY_PSOC5A */
 181:.\Generated_Source\PSoC5/VDAC8_1.c **** }
 242              		.loc 1 181 0
 243 006a BD46     		mov	sp, r7
 244 006c 80BC     		pop	{r7}
 245 006e 7047     		bx	lr
 246              		.cfi_endproc
 247              	.LFE3:
 248              		.size	VDAC8_1_Stop, .-VDAC8_1_Stop
 249              		.section	.text.VDAC8_1_SetSpeed,"ax",%progbits
 250              		.align	2
 251              		.global	VDAC8_1_SetSpeed
 252              		.thumb
 253              		.thumb_func
 254              		.type	VDAC8_1_SetSpeed, %function
 255              	VDAC8_1_SetSpeed:
 256              	.LFB4:
 182:.\Generated_Source\PSoC5/VDAC8_1.c **** 
 183:.\Generated_Source\PSoC5/VDAC8_1.c **** 
 184:.\Generated_Source\PSoC5/VDAC8_1.c **** /*******************************************************************************
 185:.\Generated_Source\PSoC5/VDAC8_1.c **** * Function Name: VDAC8_1_SetSpeed
 186:.\Generated_Source\PSoC5/VDAC8_1.c **** ********************************************************************************
 187:.\Generated_Source\PSoC5/VDAC8_1.c **** *
 188:.\Generated_Source\PSoC5/VDAC8_1.c **** * Summary:
 189:.\Generated_Source\PSoC5/VDAC8_1.c **** *  Set DAC speed
 190:.\Generated_Source\PSoC5/VDAC8_1.c **** *
 191:.\Generated_Source\PSoC5/VDAC8_1.c **** * Parameters:
 192:.\Generated_Source\PSoC5/VDAC8_1.c **** *  power: Sets speed value
 193:.\Generated_Source\PSoC5/VDAC8_1.c **** *
 194:.\Generated_Source\PSoC5/VDAC8_1.c **** * Return:
 195:.\Generated_Source\PSoC5/VDAC8_1.c **** *  void
 196:.\Generated_Source\PSoC5/VDAC8_1.c **** *
ARM GAS  C:\Users\Chrispy\AppData\Local\Temp\ccv7d6If.s 			page 9


 197:.\Generated_Source\PSoC5/VDAC8_1.c **** * Theory:
 198:.\Generated_Source\PSoC5/VDAC8_1.c **** *
 199:.\Generated_Source\PSoC5/VDAC8_1.c **** * Side Effects:
 200:.\Generated_Source\PSoC5/VDAC8_1.c **** *
 201:.\Generated_Source\PSoC5/VDAC8_1.c **** *******************************************************************************/
 202:.\Generated_Source\PSoC5/VDAC8_1.c **** void VDAC8_1_SetSpeed(uint8 speed) 
 203:.\Generated_Source\PSoC5/VDAC8_1.c **** {
 257              		.loc 1 203 0
 258              		.cfi_startproc
 259              		@ args = 0, pretend = 0, frame = 8
 260              		@ frame_needed = 1, uses_anonymous_args = 0
 261              		@ link register save eliminated.
 262 0000 80B4     		push	{r7}
 263              	.LCFI8:
 264              		.cfi_def_cfa_offset 4
 265 0002 83B0     		sub	sp, sp, #12
 266              	.LCFI9:
 267              		.cfi_def_cfa_offset 16
 268 0004 00AF     		add	r7, sp, #0
 269              		.cfi_offset 7, -4
 270              	.LCFI10:
 271              		.cfi_def_cfa_register 7
 272 0006 0346     		mov	r3, r0
 273 0008 FB71     		strb	r3, [r7, #7]
 204:.\Generated_Source\PSoC5/VDAC8_1.c ****     /* Clear power mask then write in new value */
 205:.\Generated_Source\PSoC5/VDAC8_1.c ****     VDAC8_1_CR0 &= (uint8)(~VDAC8_1_HS_MASK);
 274              		.loc 1 205 0
 275 000a 45F62803 		movw	r3, #:lower16:1073764392
 276 000e C4F20003 		movt	r3, #:upper16:1073764392
 277 0012 45F62802 		movw	r2, #:lower16:1073764392
 278 0016 C4F20002 		movt	r2, #:upper16:1073764392
 279 001a 1278     		ldrb	r2, [r2, #0]
 280 001c D2B2     		uxtb	r2, r2
 281 001e 02F0FD02 		and	r2, r2, #253
 282 0022 1A70     		strb	r2, [r3, #0]
 206:.\Generated_Source\PSoC5/VDAC8_1.c ****     VDAC8_1_CR0 |=  (speed & VDAC8_1_HS_MASK);
 283              		.loc 1 206 0
 284 0024 45F62803 		movw	r3, #:lower16:1073764392
 285 0028 C4F20003 		movt	r3, #:upper16:1073764392
 286 002c 45F62802 		movw	r2, #:lower16:1073764392
 287 0030 C4F20002 		movt	r2, #:upper16:1073764392
 288 0034 1278     		ldrb	r2, [r2, #0]
 289 0036 D1B2     		uxtb	r1, r2
 290 0038 FA79     		ldrb	r2, [r7, #7]	@ zero_extendqisi2
 291 003a 02F00202 		and	r2, r2, #2
 292 003e 41EA0202 		orr	r2, r1, r2
 293 0042 D2B2     		uxtb	r2, r2
 294 0044 1A70     		strb	r2, [r3, #0]
 207:.\Generated_Source\PSoC5/VDAC8_1.c **** }
 295              		.loc 1 207 0
 296 0046 07F10C07 		add	r7, r7, #12
 297 004a BD46     		mov	sp, r7
 298 004c 80BC     		pop	{r7}
 299 004e 7047     		bx	lr
 300              		.cfi_endproc
 301              	.LFE4:
 302              		.size	VDAC8_1_SetSpeed, .-VDAC8_1_SetSpeed
ARM GAS  C:\Users\Chrispy\AppData\Local\Temp\ccv7d6If.s 			page 10


 303              		.section	.text.VDAC8_1_SetRange,"ax",%progbits
 304              		.align	2
 305              		.global	VDAC8_1_SetRange
 306              		.thumb
 307              		.thumb_func
 308              		.type	VDAC8_1_SetRange, %function
 309              	VDAC8_1_SetRange:
 310              	.LFB5:
 208:.\Generated_Source\PSoC5/VDAC8_1.c **** 
 209:.\Generated_Source\PSoC5/VDAC8_1.c **** 
 210:.\Generated_Source\PSoC5/VDAC8_1.c **** /*******************************************************************************
 211:.\Generated_Source\PSoC5/VDAC8_1.c **** * Function Name: VDAC8_1_SetRange
 212:.\Generated_Source\PSoC5/VDAC8_1.c **** ********************************************************************************
 213:.\Generated_Source\PSoC5/VDAC8_1.c **** *
 214:.\Generated_Source\PSoC5/VDAC8_1.c **** * Summary:
 215:.\Generated_Source\PSoC5/VDAC8_1.c **** *  Set one of three current ranges.
 216:.\Generated_Source\PSoC5/VDAC8_1.c **** *
 217:.\Generated_Source\PSoC5/VDAC8_1.c **** * Parameters:
 218:.\Generated_Source\PSoC5/VDAC8_1.c **** *  Range: Sets one of Three valid ranges.
 219:.\Generated_Source\PSoC5/VDAC8_1.c **** *
 220:.\Generated_Source\PSoC5/VDAC8_1.c **** * Return:
 221:.\Generated_Source\PSoC5/VDAC8_1.c **** *  void 
 222:.\Generated_Source\PSoC5/VDAC8_1.c **** *
 223:.\Generated_Source\PSoC5/VDAC8_1.c **** * Theory:
 224:.\Generated_Source\PSoC5/VDAC8_1.c **** *
 225:.\Generated_Source\PSoC5/VDAC8_1.c **** * Side Effects:
 226:.\Generated_Source\PSoC5/VDAC8_1.c **** *
 227:.\Generated_Source\PSoC5/VDAC8_1.c **** *******************************************************************************/
 228:.\Generated_Source\PSoC5/VDAC8_1.c **** void VDAC8_1_SetRange(uint8 range) 
 229:.\Generated_Source\PSoC5/VDAC8_1.c **** {
 311              		.loc 1 229 0
 312              		.cfi_startproc
 313              		@ args = 0, pretend = 0, frame = 8
 314              		@ frame_needed = 1, uses_anonymous_args = 0
 315 0000 80B5     		push	{r7, lr}
 316              	.LCFI11:
 317              		.cfi_def_cfa_offset 8
 318 0002 82B0     		sub	sp, sp, #8
 319              	.LCFI12:
 320              		.cfi_def_cfa_offset 16
 321 0004 00AF     		add	r7, sp, #0
 322              		.cfi_offset 14, -4
 323              		.cfi_offset 7, -8
 324              	.LCFI13:
 325              		.cfi_def_cfa_register 7
 326 0006 0346     		mov	r3, r0
 327 0008 FB71     		strb	r3, [r7, #7]
 230:.\Generated_Source\PSoC5/VDAC8_1.c ****     VDAC8_1_CR0 &= (uint8)(~VDAC8_1_RANGE_MASK);      /* Clear existing mode */
 328              		.loc 1 230 0
 329 000a 45F62803 		movw	r3, #:lower16:1073764392
 330 000e C4F20003 		movt	r3, #:upper16:1073764392
 331 0012 45F62802 		movw	r2, #:lower16:1073764392
 332 0016 C4F20002 		movt	r2, #:upper16:1073764392
 333 001a 1278     		ldrb	r2, [r2, #0]
 334 001c D2B2     		uxtb	r2, r2
 335 001e 02F0F302 		and	r2, r2, #243
 336 0022 1A70     		strb	r2, [r3, #0]
ARM GAS  C:\Users\Chrispy\AppData\Local\Temp\ccv7d6If.s 			page 11


 231:.\Generated_Source\PSoC5/VDAC8_1.c ****     VDAC8_1_CR0 |= (range & VDAC8_1_RANGE_MASK);      /*  Set Range  */
 337              		.loc 1 231 0
 338 0024 45F62803 		movw	r3, #:lower16:1073764392
 339 0028 C4F20003 		movt	r3, #:upper16:1073764392
 340 002c 45F62802 		movw	r2, #:lower16:1073764392
 341 0030 C4F20002 		movt	r2, #:upper16:1073764392
 342 0034 1278     		ldrb	r2, [r2, #0]
 343 0036 D1B2     		uxtb	r1, r2
 344 0038 FA79     		ldrb	r2, [r7, #7]	@ zero_extendqisi2
 345 003a 02F00C02 		and	r2, r2, #12
 346 003e 41EA0202 		orr	r2, r1, r2
 347 0042 D2B2     		uxtb	r2, r2
 348 0044 1A70     		strb	r2, [r3, #0]
 232:.\Generated_Source\PSoC5/VDAC8_1.c ****     VDAC8_1_DacTrim();
 349              		.loc 1 232 0
 350 0046 FFF7FEFF 		bl	VDAC8_1_DacTrim
 233:.\Generated_Source\PSoC5/VDAC8_1.c **** }
 351              		.loc 1 233 0
 352 004a 07F10807 		add	r7, r7, #8
 353 004e BD46     		mov	sp, r7
 354 0050 80BD     		pop	{r7, pc}
 355              		.cfi_endproc
 356              	.LFE5:
 357              		.size	VDAC8_1_SetRange, .-VDAC8_1_SetRange
 358 0052 00BF     		.section	.text.VDAC8_1_SetValue,"ax",%progbits
 359              		.align	2
 360              		.global	VDAC8_1_SetValue
 361              		.thumb
 362              		.thumb_func
 363              		.type	VDAC8_1_SetValue, %function
 364              	VDAC8_1_SetValue:
 365              	.LFB6:
 234:.\Generated_Source\PSoC5/VDAC8_1.c **** 
 235:.\Generated_Source\PSoC5/VDAC8_1.c **** 
 236:.\Generated_Source\PSoC5/VDAC8_1.c **** /*******************************************************************************
 237:.\Generated_Source\PSoC5/VDAC8_1.c **** * Function Name: VDAC8_1_SetValue
 238:.\Generated_Source\PSoC5/VDAC8_1.c **** ********************************************************************************
 239:.\Generated_Source\PSoC5/VDAC8_1.c **** *
 240:.\Generated_Source\PSoC5/VDAC8_1.c **** * Summary:
 241:.\Generated_Source\PSoC5/VDAC8_1.c **** *  Set 8-bit DAC value
 242:.\Generated_Source\PSoC5/VDAC8_1.c **** *
 243:.\Generated_Source\PSoC5/VDAC8_1.c **** * Parameters:  
 244:.\Generated_Source\PSoC5/VDAC8_1.c **** *  value:  Sets DAC value between 0 and 255.
 245:.\Generated_Source\PSoC5/VDAC8_1.c **** *
 246:.\Generated_Source\PSoC5/VDAC8_1.c **** * Return: 
 247:.\Generated_Source\PSoC5/VDAC8_1.c **** *  void 
 248:.\Generated_Source\PSoC5/VDAC8_1.c **** *
 249:.\Generated_Source\PSoC5/VDAC8_1.c **** * Theory: 
 250:.\Generated_Source\PSoC5/VDAC8_1.c **** *
 251:.\Generated_Source\PSoC5/VDAC8_1.c **** * Side Effects:
 252:.\Generated_Source\PSoC5/VDAC8_1.c **** *
 253:.\Generated_Source\PSoC5/VDAC8_1.c **** *******************************************************************************/
 254:.\Generated_Source\PSoC5/VDAC8_1.c **** void VDAC8_1_SetValue(uint8 value) 
 255:.\Generated_Source\PSoC5/VDAC8_1.c **** {
 366              		.loc 1 255 0
 367              		.cfi_startproc
 368              		@ args = 0, pretend = 0, frame = 16
ARM GAS  C:\Users\Chrispy\AppData\Local\Temp\ccv7d6If.s 			page 12


 369              		@ frame_needed = 1, uses_anonymous_args = 0
 370 0000 80B5     		push	{r7, lr}
 371              	.LCFI14:
 372              		.cfi_def_cfa_offset 8
 373 0002 84B0     		sub	sp, sp, #16
 374              	.LCFI15:
 375              		.cfi_def_cfa_offset 24
 376 0004 00AF     		add	r7, sp, #0
 377              		.cfi_offset 14, -4
 378              		.cfi_offset 7, -8
 379              	.LCFI16:
 380              		.cfi_def_cfa_register 7
 381 0006 0346     		mov	r3, r0
 382 0008 FB71     		strb	r3, [r7, #7]
 256:.\Generated_Source\PSoC5/VDAC8_1.c ****     #if (CY_PSOC5A)
 257:.\Generated_Source\PSoC5/VDAC8_1.c ****         uint8 VDAC8_1_intrStatus = CyEnterCriticalSection();
 383              		.loc 1 257 0
 384 000a FFF7FEFF 		bl	CyEnterCriticalSection
 385 000e 0346     		mov	r3, r0
 386 0010 FB73     		strb	r3, [r7, #15]
 258:.\Generated_Source\PSoC5/VDAC8_1.c ****     #endif /* CY_PSOC5A */
 259:.\Generated_Source\PSoC5/VDAC8_1.c **** 
 260:.\Generated_Source\PSoC5/VDAC8_1.c ****     VDAC8_1_Data = value;                /*  Set Value  */
 387              		.loc 1 260 0
 388 0012 45F68233 		movw	r3, #:lower16:1073765250
 389 0016 C4F20003 		movt	r3, #:upper16:1073765250
 390 001a FA79     		ldrb	r2, [r7, #7]
 391 001c 1A70     		strb	r2, [r3, #0]
 261:.\Generated_Source\PSoC5/VDAC8_1.c **** 
 262:.\Generated_Source\PSoC5/VDAC8_1.c ****     /* PSOC5A requires a double write */
 263:.\Generated_Source\PSoC5/VDAC8_1.c ****     /* Exit Critical Section */
 264:.\Generated_Source\PSoC5/VDAC8_1.c ****     #if (CY_PSOC5A)
 265:.\Generated_Source\PSoC5/VDAC8_1.c ****         VDAC8_1_Data = value;
 392              		.loc 1 265 0
 393 001e 45F68233 		movw	r3, #:lower16:1073765250
 394 0022 C4F20003 		movt	r3, #:upper16:1073765250
 395 0026 FA79     		ldrb	r2, [r7, #7]
 396 0028 1A70     		strb	r2, [r3, #0]
 266:.\Generated_Source\PSoC5/VDAC8_1.c ****         CyExitCriticalSection(VDAC8_1_intrStatus);
 397              		.loc 1 266 0
 398 002a FB7B     		ldrb	r3, [r7, #15]	@ zero_extendqisi2
 399 002c 1846     		mov	r0, r3
 400 002e FFF7FEFF 		bl	CyExitCriticalSection
 267:.\Generated_Source\PSoC5/VDAC8_1.c ****     #endif /* CY_PSOC5A */
 268:.\Generated_Source\PSoC5/VDAC8_1.c **** }
 401              		.loc 1 268 0
 402 0032 07F11007 		add	r7, r7, #16
 403 0036 BD46     		mov	sp, r7
 404 0038 80BD     		pop	{r7, pc}
 405              		.cfi_endproc
 406              	.LFE6:
 407              		.size	VDAC8_1_SetValue, .-VDAC8_1_SetValue
 408 003a 00BF     		.section	.text.VDAC8_1_DacTrim,"ax",%progbits
 409              		.align	2
 410              		.global	VDAC8_1_DacTrim
 411              		.thumb
 412              		.thumb_func
ARM GAS  C:\Users\Chrispy\AppData\Local\Temp\ccv7d6If.s 			page 13


 413              		.type	VDAC8_1_DacTrim, %function
 414              	VDAC8_1_DacTrim:
 415              	.LFB7:
 269:.\Generated_Source\PSoC5/VDAC8_1.c **** 
 270:.\Generated_Source\PSoC5/VDAC8_1.c **** 
 271:.\Generated_Source\PSoC5/VDAC8_1.c **** /*******************************************************************************
 272:.\Generated_Source\PSoC5/VDAC8_1.c **** * Function Name: VDAC8_1_DacTrim
 273:.\Generated_Source\PSoC5/VDAC8_1.c **** ********************************************************************************
 274:.\Generated_Source\PSoC5/VDAC8_1.c **** *
 275:.\Generated_Source\PSoC5/VDAC8_1.c **** * Summary:
 276:.\Generated_Source\PSoC5/VDAC8_1.c **** *  Set the trim value for the given range.
 277:.\Generated_Source\PSoC5/VDAC8_1.c **** *
 278:.\Generated_Source\PSoC5/VDAC8_1.c **** * Parameters:
 279:.\Generated_Source\PSoC5/VDAC8_1.c **** *  range:  1V or 4V range.  See constants.
 280:.\Generated_Source\PSoC5/VDAC8_1.c **** *
 281:.\Generated_Source\PSoC5/VDAC8_1.c **** * Return:
 282:.\Generated_Source\PSoC5/VDAC8_1.c **** *  void
 283:.\Generated_Source\PSoC5/VDAC8_1.c **** *
 284:.\Generated_Source\PSoC5/VDAC8_1.c **** * Theory: 
 285:.\Generated_Source\PSoC5/VDAC8_1.c **** *
 286:.\Generated_Source\PSoC5/VDAC8_1.c **** * Side Effects:
 287:.\Generated_Source\PSoC5/VDAC8_1.c **** *
 288:.\Generated_Source\PSoC5/VDAC8_1.c **** *******************************************************************************/
 289:.\Generated_Source\PSoC5/VDAC8_1.c **** void VDAC8_1_DacTrim(void) 
 290:.\Generated_Source\PSoC5/VDAC8_1.c **** {
 416              		.loc 1 290 0
 417              		.cfi_startproc
 418              		@ args = 0, pretend = 0, frame = 8
 419              		@ frame_needed = 1, uses_anonymous_args = 0
 420              		@ link register save eliminated.
 421 0000 80B4     		push	{r7}
 422              	.LCFI17:
 423              		.cfi_def_cfa_offset 4
 424 0002 83B0     		sub	sp, sp, #12
 425              	.LCFI18:
 426              		.cfi_def_cfa_offset 16
 427 0004 00AF     		add	r7, sp, #0
 428              		.cfi_offset 7, -4
 429              	.LCFI19:
 430              		.cfi_def_cfa_register 7
 291:.\Generated_Source\PSoC5/VDAC8_1.c ****     uint8 mode;
 292:.\Generated_Source\PSoC5/VDAC8_1.c **** 
 293:.\Generated_Source\PSoC5/VDAC8_1.c ****     mode = (uint8)((VDAC8_1_CR0 & VDAC8_1_RANGE_MASK) >> 2) + VDAC8_1_TRIM_M7_1V_RNG_OFFSET;
 431              		.loc 1 293 0
 432 0006 45F62803 		movw	r3, #:lower16:1073764392
 433 000a C4F20003 		movt	r3, #:upper16:1073764392
 434 000e 1B78     		ldrb	r3, [r3, #0]
 435 0010 DBB2     		uxtb	r3, r3
 436 0012 03F00C03 		and	r3, r3, #12
 437 0016 4FEA9303 		lsr	r3, r3, #2
 438 001a DBB2     		uxtb	r3, r3
 439 001c 03F10603 		add	r3, r3, #6
 440 0020 FB71     		strb	r3, [r7, #7]
 294:.\Generated_Source\PSoC5/VDAC8_1.c ****     VDAC8_1_TR = CY_GET_XTND_REG8((uint8 *)(VDAC8_1_DAC_TRIM_BASE + mode));
 441              		.loc 1 294 0
 442 0022 44F20A63 		movw	r3, #:lower16:1073759754
 443 0026 C4F20003 		movt	r3, #:upper16:1073759754
ARM GAS  C:\Users\Chrispy\AppData\Local\Temp\ccv7d6If.s 			page 14


 444 002a FA79     		ldrb	r2, [r7, #7]	@ zero_extendqisi2
 445 002c 02F19242 		add	r2, r2, #1224736768
 446 0030 02F59272 		add	r2, r2, #292
 447 0034 1278     		ldrb	r2, [r2, #0]
 448 0036 D2B2     		uxtb	r2, r2
 449 0038 1A70     		strb	r2, [r3, #0]
 295:.\Generated_Source\PSoC5/VDAC8_1.c **** }
 450              		.loc 1 295 0
 451 003a 07F10C07 		add	r7, r7, #12
 452 003e BD46     		mov	sp, r7
 453 0040 80BC     		pop	{r7}
 454 0042 7047     		bx	lr
 455              		.cfi_endproc
 456              	.LFE7:
 457              		.size	VDAC8_1_DacTrim, .-VDAC8_1_DacTrim
 458              		.text
 459              	.Letext0:
 460              		.section	.debug_loc,"",%progbits
 461              	.Ldebug_loc0:
 462              	.LLST0:
 463 0000 00000000 		.4byte	.LFB0
 464 0004 02000000 		.4byte	.LCFI0
 465 0008 0100     		.2byte	0x1
 466 000a 5D       		.byte	0x5d
 467 000b 02000000 		.4byte	.LCFI0
 468 000f 04000000 		.4byte	.LCFI1
 469 0013 0200     		.2byte	0x2
 470 0015 7D       		.byte	0x7d
 471 0016 08       		.sleb128 8
 472 0017 04000000 		.4byte	.LCFI1
 473 001b 32000000 		.4byte	.LFE0
 474 001f 0200     		.2byte	0x2
 475 0021 77       		.byte	0x77
 476 0022 08       		.sleb128 8
 477 0023 00000000 		.4byte	0x0
 478 0027 00000000 		.4byte	0x0
 479              	.LLST1:
 480 002b 00000000 		.4byte	.LFB1
 481 002f 02000000 		.4byte	.LCFI2
 482 0033 0100     		.2byte	0x1
 483 0035 5D       		.byte	0x5d
 484 0036 02000000 		.4byte	.LCFI2
 485 003a 04000000 		.4byte	.LCFI3
 486 003e 0200     		.2byte	0x2
 487 0040 7D       		.byte	0x7d
 488 0041 04       		.sleb128 4
 489 0042 04000000 		.4byte	.LCFI3
 490 0046 72000000 		.4byte	.LFE1
 491 004a 0200     		.2byte	0x2
 492 004c 77       		.byte	0x77
 493 004d 04       		.sleb128 4
 494 004e 00000000 		.4byte	0x0
 495 0052 00000000 		.4byte	0x0
 496              	.LLST2:
 497 0056 00000000 		.4byte	.LFB2
 498 005a 02000000 		.4byte	.LCFI4
 499 005e 0100     		.2byte	0x1
ARM GAS  C:\Users\Chrispy\AppData\Local\Temp\ccv7d6If.s 			page 15


 500 0060 5D       		.byte	0x5d
 501 0061 02000000 		.4byte	.LCFI4
 502 0065 04000000 		.4byte	.LCFI5
 503 0069 0200     		.2byte	0x2
 504 006b 7D       		.byte	0x7d
 505 006c 08       		.sleb128 8
 506 006d 04000000 		.4byte	.LCFI5
 507 0071 32000000 		.4byte	.LFE2
 508 0075 0200     		.2byte	0x2
 509 0077 77       		.byte	0x77
 510 0078 08       		.sleb128 8
 511 0079 00000000 		.4byte	0x0
 512 007d 00000000 		.4byte	0x0
 513              	.LLST3:
 514 0081 00000000 		.4byte	.LFB3
 515 0085 02000000 		.4byte	.LCFI6
 516 0089 0100     		.2byte	0x1
 517 008b 5D       		.byte	0x5d
 518 008c 02000000 		.4byte	.LCFI6
 519 0090 04000000 		.4byte	.LCFI7
 520 0094 0200     		.2byte	0x2
 521 0096 7D       		.byte	0x7d
 522 0097 04       		.sleb128 4
 523 0098 04000000 		.4byte	.LCFI7
 524 009c 70000000 		.4byte	.LFE3
 525 00a0 0200     		.2byte	0x2
 526 00a2 77       		.byte	0x77
 527 00a3 04       		.sleb128 4
 528 00a4 00000000 		.4byte	0x0
 529 00a8 00000000 		.4byte	0x0
 530              	.LLST4:
 531 00ac 00000000 		.4byte	.LFB4
 532 00b0 02000000 		.4byte	.LCFI8
 533 00b4 0100     		.2byte	0x1
 534 00b6 5D       		.byte	0x5d
 535 00b7 02000000 		.4byte	.LCFI8
 536 00bb 04000000 		.4byte	.LCFI9
 537 00bf 0200     		.2byte	0x2
 538 00c1 7D       		.byte	0x7d
 539 00c2 04       		.sleb128 4
 540 00c3 04000000 		.4byte	.LCFI9
 541 00c7 06000000 		.4byte	.LCFI10
 542 00cb 0200     		.2byte	0x2
 543 00cd 7D       		.byte	0x7d
 544 00ce 10       		.sleb128 16
 545 00cf 06000000 		.4byte	.LCFI10
 546 00d3 50000000 		.4byte	.LFE4
 547 00d7 0200     		.2byte	0x2
 548 00d9 77       		.byte	0x77
 549 00da 10       		.sleb128 16
 550 00db 00000000 		.4byte	0x0
 551 00df 00000000 		.4byte	0x0
 552              	.LLST5:
 553 00e3 00000000 		.4byte	.LFB5
 554 00e7 02000000 		.4byte	.LCFI11
 555 00eb 0100     		.2byte	0x1
 556 00ed 5D       		.byte	0x5d
ARM GAS  C:\Users\Chrispy\AppData\Local\Temp\ccv7d6If.s 			page 16


 557 00ee 02000000 		.4byte	.LCFI11
 558 00f2 04000000 		.4byte	.LCFI12
 559 00f6 0200     		.2byte	0x2
 560 00f8 7D       		.byte	0x7d
 561 00f9 08       		.sleb128 8
 562 00fa 04000000 		.4byte	.LCFI12
 563 00fe 06000000 		.4byte	.LCFI13
 564 0102 0200     		.2byte	0x2
 565 0104 7D       		.byte	0x7d
 566 0105 10       		.sleb128 16
 567 0106 06000000 		.4byte	.LCFI13
 568 010a 52000000 		.4byte	.LFE5
 569 010e 0200     		.2byte	0x2
 570 0110 77       		.byte	0x77
 571 0111 10       		.sleb128 16
 572 0112 00000000 		.4byte	0x0
 573 0116 00000000 		.4byte	0x0
 574              	.LLST6:
 575 011a 00000000 		.4byte	.LFB6
 576 011e 02000000 		.4byte	.LCFI14
 577 0122 0100     		.2byte	0x1
 578 0124 5D       		.byte	0x5d
 579 0125 02000000 		.4byte	.LCFI14
 580 0129 04000000 		.4byte	.LCFI15
 581 012d 0200     		.2byte	0x2
 582 012f 7D       		.byte	0x7d
 583 0130 08       		.sleb128 8
 584 0131 04000000 		.4byte	.LCFI15
 585 0135 06000000 		.4byte	.LCFI16
 586 0139 0200     		.2byte	0x2
 587 013b 7D       		.byte	0x7d
 588 013c 18       		.sleb128 24
 589 013d 06000000 		.4byte	.LCFI16
 590 0141 3A000000 		.4byte	.LFE6
 591 0145 0200     		.2byte	0x2
 592 0147 77       		.byte	0x77
 593 0148 18       		.sleb128 24
 594 0149 00000000 		.4byte	0x0
 595 014d 00000000 		.4byte	0x0
 596              	.LLST7:
 597 0151 00000000 		.4byte	.LFB7
 598 0155 02000000 		.4byte	.LCFI17
 599 0159 0100     		.2byte	0x1
 600 015b 5D       		.byte	0x5d
 601 015c 02000000 		.4byte	.LCFI17
 602 0160 04000000 		.4byte	.LCFI18
 603 0164 0200     		.2byte	0x2
 604 0166 7D       		.byte	0x7d
 605 0167 04       		.sleb128 4
 606 0168 04000000 		.4byte	.LCFI18
 607 016c 06000000 		.4byte	.LCFI19
 608 0170 0200     		.2byte	0x2
 609 0172 7D       		.byte	0x7d
 610 0173 10       		.sleb128 16
 611 0174 06000000 		.4byte	.LCFI19
 612 0178 44000000 		.4byte	.LFE7
 613 017c 0200     		.2byte	0x2
ARM GAS  C:\Users\Chrispy\AppData\Local\Temp\ccv7d6If.s 			page 17


 614 017e 77       		.byte	0x77
 615 017f 10       		.sleb128 16
 616 0180 00000000 		.4byte	0x0
 617 0184 00000000 		.4byte	0x0
 618              		.file 2 ".\\Generated_Source\\PSoC5\\/VDAC8_1.h"
 619              		.file 3 ".\\Generated_Source\\PSoC5\\/cytypes.h"
 620              		.section	.debug_info
 621 0000 F8010000 		.4byte	0x1f8
 622 0004 0200     		.2byte	0x2
 623 0006 00000000 		.4byte	.Ldebug_abbrev0
 624 000a 04       		.byte	0x4
 625 000b 01       		.uleb128 0x1
 626 000c 3B010000 		.4byte	.LASF31
 627 0010 01       		.byte	0x1
 628 0011 DC000000 		.4byte	.LASF32
 629 0015 9B010000 		.4byte	.LASF33
 630 0019 00000000 		.4byte	0x0
 631 001d 00000000 		.4byte	0x0
 632 0021 00000000 		.4byte	.Ldebug_ranges0+0x0
 633 0025 00000000 		.4byte	.Ldebug_line0
 634 0029 02       		.uleb128 0x2
 635 002a 01       		.byte	0x1
 636 002b 06       		.byte	0x6
 637 002c F8010000 		.4byte	.LASF0
 638 0030 02       		.uleb128 0x2
 639 0031 01       		.byte	0x1
 640 0032 08       		.byte	0x8
 641 0033 8C000000 		.4byte	.LASF1
 642 0037 02       		.uleb128 0x2
 643 0038 02       		.byte	0x2
 644 0039 05       		.byte	0x5
 645 003a 69010000 		.4byte	.LASF2
 646 003e 02       		.uleb128 0x2
 647 003f 02       		.byte	0x2
 648 0040 07       		.byte	0x7
 649 0041 4A000000 		.4byte	.LASF3
 650 0045 02       		.uleb128 0x2
 651 0046 04       		.byte	0x4
 652 0047 05       		.byte	0x5
 653 0048 E3010000 		.4byte	.LASF4
 654 004c 02       		.uleb128 0x2
 655 004d 04       		.byte	0x4
 656 004e 07       		.byte	0x7
 657 004f A9000000 		.4byte	.LASF5
 658 0053 02       		.uleb128 0x2
 659 0054 08       		.byte	0x8
 660 0055 05       		.byte	0x5
 661 0056 00000000 		.4byte	.LASF6
 662 005a 02       		.uleb128 0x2
 663 005b 08       		.byte	0x8
 664 005c 07       		.byte	0x7
 665 005d FF000000 		.4byte	.LASF7
 666 0061 03       		.uleb128 0x3
 667 0062 04       		.byte	0x4
 668 0063 05       		.byte	0x5
 669 0064 696E7400 		.ascii	"int\000"
 670 0068 02       		.uleb128 0x2
ARM GAS  C:\Users\Chrispy\AppData\Local\Temp\ccv7d6If.s 			page 18


 671 0069 04       		.byte	0x4
 672 006a 07       		.byte	0x7
 673 006b 5D000000 		.4byte	.LASF8
 674 006f 04       		.uleb128 0x4
 675 0070 BB000000 		.4byte	.LASF14
 676 0074 03       		.byte	0x3
 677 0075 4C       		.byte	0x4c
 678 0076 30000000 		.4byte	0x30
 679 007a 02       		.uleb128 0x2
 680 007b 04       		.byte	0x4
 681 007c 04       		.byte	0x4
 682 007d 86000000 		.4byte	.LASF9
 683 0081 02       		.uleb128 0x2
 684 0082 08       		.byte	0x8
 685 0083 04       		.byte	0x4
 686 0084 D5000000 		.4byte	.LASF10
 687 0088 02       		.uleb128 0x2
 688 0089 01       		.byte	0x1
 689 008a 08       		.byte	0x8
 690 008b 54010000 		.4byte	.LASF11
 691 008f 05       		.uleb128 0x5
 692 0090 02       		.byte	0x2
 693 0091 02       		.byte	0x2
 694 0092 26       		.byte	0x26
 695 0093 B4000000 		.4byte	0xb4
 696 0097 06       		.uleb128 0x6
 697 0098 EC010000 		.4byte	.LASF12
 698 009c 02       		.byte	0x2
 699 009d 27       		.byte	0x27
 700 009e 6F000000 		.4byte	0x6f
 701 00a2 02       		.byte	0x2
 702 00a3 23       		.byte	0x23
 703 00a4 00       		.uleb128 0x0
 704 00a5 06       		.uleb128 0x6
 705 00a6 7B000000 		.4byte	.LASF13
 706 00aa 02       		.byte	0x2
 707 00ab 28       		.byte	0x28
 708 00ac 6F000000 		.4byte	0x6f
 709 00b0 02       		.byte	0x2
 710 00b1 23       		.byte	0x23
 711 00b2 01       		.uleb128 0x1
 712 00b3 00       		.byte	0x0
 713 00b4 04       		.uleb128 0x4
 714 00b5 73010000 		.4byte	.LASF15
 715 00b9 02       		.byte	0x2
 716 00ba 29       		.byte	0x29
 717 00bb 8F000000 		.4byte	0x8f
 718 00bf 07       		.uleb128 0x7
 719 00c0 04       		.byte	0x4
 720 00c1 07       		.byte	0x7
 721 00c2 08       		.uleb128 0x8
 722 00c3 01       		.byte	0x1
 723 00c4 47010000 		.4byte	.LASF16
 724 00c8 01       		.byte	0x1
 725 00c9 37       		.byte	0x37
 726 00ca 01       		.byte	0x1
 727 00cb 00000000 		.4byte	.LFB0
ARM GAS  C:\Users\Chrispy\AppData\Local\Temp\ccv7d6If.s 			page 19


 728 00cf 32000000 		.4byte	.LFE0
 729 00d3 00000000 		.4byte	.LLST0
 730 00d7 08       		.uleb128 0x8
 731 00d8 01       		.byte	0x1
 732 00d9 9A000000 		.4byte	.LASF17
 733 00dd 01       		.byte	0x1
 734 00de 60       		.byte	0x60
 735 00df 01       		.byte	0x1
 736 00e0 00000000 		.4byte	.LFB1
 737 00e4 72000000 		.4byte	.LFE1
 738 00e8 2B000000 		.4byte	.LLST1
 739 00ec 08       		.uleb128 0x8
 740 00ed 01       		.byte	0x1
 741 00ee C7000000 		.4byte	.LASF18
 742 00f2 01       		.byte	0x1
 743 00f3 85       		.byte	0x85
 744 00f4 01       		.byte	0x1
 745 00f5 00000000 		.4byte	.LFB2
 746 00f9 32000000 		.4byte	.LFE2
 747 00fd 56000000 		.4byte	.LLST2
 748 0101 08       		.uleb128 0x8
 749 0102 01       		.byte	0x1
 750 0103 37000000 		.4byte	.LASF19
 751 0107 01       		.byte	0x1
 752 0108 A8       		.byte	0xa8
 753 0109 01       		.byte	0x1
 754 010a 00000000 		.4byte	.LFB3
 755 010e 70000000 		.4byte	.LFE3
 756 0112 81000000 		.4byte	.LLST3
 757 0116 09       		.uleb128 0x9
 758 0117 01       		.byte	0x1
 759 0118 6A000000 		.4byte	.LASF20
 760 011c 01       		.byte	0x1
 761 011d CA       		.byte	0xca
 762 011e 01       		.byte	0x1
 763 011f 00000000 		.4byte	.LFB4
 764 0123 50000000 		.4byte	.LFE4
 765 0127 AC000000 		.4byte	.LLST4
 766 012b 3E010000 		.4byte	0x13e
 767 012f 0A       		.uleb128 0xa
 768 0130 31000000 		.4byte	.LASF22
 769 0134 01       		.byte	0x1
 770 0135 CA       		.byte	0xca
 771 0136 6F000000 		.4byte	0x6f
 772 013a 02       		.byte	0x2
 773 013b 91       		.byte	0x91
 774 013c 77       		.sleb128 -9
 775 013d 00       		.byte	0x0
 776 013e 09       		.uleb128 0x9
 777 013f 01       		.byte	0x1
 778 0140 04020000 		.4byte	.LASF21
 779 0144 01       		.byte	0x1
 780 0145 E4       		.byte	0xe4
 781 0146 01       		.byte	0x1
 782 0147 00000000 		.4byte	.LFB5
 783 014b 52000000 		.4byte	.LFE5
 784 014f E3000000 		.4byte	.LLST5
ARM GAS  C:\Users\Chrispy\AppData\Local\Temp\ccv7d6If.s 			page 20


 785 0153 66010000 		.4byte	0x166
 786 0157 0A       		.uleb128 0xa
 787 0158 C1000000 		.4byte	.LASF23
 788 015c 01       		.byte	0x1
 789 015d E4       		.byte	0xe4
 790 015e 6F000000 		.4byte	0x6f
 791 0162 02       		.byte	0x2
 792 0163 91       		.byte	0x91
 793 0164 77       		.sleb128 -9
 794 0165 00       		.byte	0x0
 795 0166 09       		.uleb128 0x9
 796 0167 01       		.byte	0x1
 797 0168 16010000 		.4byte	.LASF24
 798 016c 01       		.byte	0x1
 799 016d FE       		.byte	0xfe
 800 016e 01       		.byte	0x1
 801 016f 00000000 		.4byte	.LFB6
 802 0173 3A000000 		.4byte	.LFE6
 803 0177 1A010000 		.4byte	.LLST6
 804 017b 9D010000 		.4byte	0x19d
 805 017f 0A       		.uleb128 0xa
 806 0180 44000000 		.4byte	.LASF25
 807 0184 01       		.byte	0x1
 808 0185 FE       		.byte	0xfe
 809 0186 6F000000 		.4byte	0x6f
 810 018a 02       		.byte	0x2
 811 018b 91       		.byte	0x91
 812 018c 6F       		.sleb128 -17
 813 018d 0B       		.uleb128 0xb
 814 018e 1E000000 		.4byte	.LASF27
 815 0192 01       		.byte	0x1
 816 0193 0101     		.2byte	0x101
 817 0195 6F000000 		.4byte	0x6f
 818 0199 02       		.byte	0x2
 819 019a 91       		.byte	0x91
 820 019b 77       		.sleb128 -9
 821 019c 00       		.byte	0x0
 822 019d 0C       		.uleb128 0xc
 823 019e 01       		.byte	0x1
 824 019f 0E000000 		.4byte	.LASF26
 825 01a3 01       		.byte	0x1
 826 01a4 2101     		.2byte	0x121
 827 01a6 01       		.byte	0x1
 828 01a7 00000000 		.4byte	.LFB7
 829 01ab 44000000 		.4byte	.LFE7
 830 01af 51010000 		.4byte	.LLST7
 831 01b3 C7010000 		.4byte	0x1c7
 832 01b7 0B       		.uleb128 0xb
 833 01b8 27010000 		.4byte	.LASF28
 834 01bc 01       		.byte	0x1
 835 01bd 2301     		.2byte	0x123
 836 01bf 6F000000 		.4byte	0x6f
 837 01c3 02       		.byte	0x2
 838 01c4 91       		.byte	0x91
 839 01c5 77       		.sleb128 -9
 840 01c6 00       		.byte	0x0
 841 01c7 0D       		.uleb128 0xd
ARM GAS  C:\Users\Chrispy\AppData\Local\Temp\ccv7d6If.s 			page 21


 842 01c8 88010000 		.4byte	.LASF29
 843 01cc 01       		.byte	0x1
 844 01cd 1E       		.byte	0x1e
 845 01ce 6F000000 		.4byte	0x6f
 846 01d2 05       		.byte	0x5
 847 01d3 03       		.byte	0x3
 848 01d4 01000000 		.4byte	VDAC8_1_restoreVal
 849 01d8 0D       		.uleb128 0xd
 850 01d9 2C010000 		.4byte	.LASF30
 851 01dd 01       		.byte	0x1
 852 01de 22       		.byte	0x22
 853 01df B4000000 		.4byte	0xb4
 854 01e3 05       		.byte	0x5
 855 01e4 03       		.byte	0x3
 856 01e5 04000000 		.4byte	VDAC8_1_backup
 857 01e9 0E       		.uleb128 0xe
 858 01ea 59010000 		.4byte	.LASF34
 859 01ee 01       		.byte	0x1
 860 01ef 1B       		.byte	0x1b
 861 01f0 6F000000 		.4byte	0x6f
 862 01f4 01       		.byte	0x1
 863 01f5 05       		.byte	0x5
 864 01f6 03       		.byte	0x3
 865 01f7 00000000 		.4byte	VDAC8_1_initVar
 866 01fb 00       		.byte	0x0
 867              		.section	.debug_abbrev
 868 0000 01       		.uleb128 0x1
 869 0001 11       		.uleb128 0x11
 870 0002 01       		.byte	0x1
 871 0003 25       		.uleb128 0x25
 872 0004 0E       		.uleb128 0xe
 873 0005 13       		.uleb128 0x13
 874 0006 0B       		.uleb128 0xb
 875 0007 03       		.uleb128 0x3
 876 0008 0E       		.uleb128 0xe
 877 0009 1B       		.uleb128 0x1b
 878 000a 0E       		.uleb128 0xe
 879 000b 11       		.uleb128 0x11
 880 000c 01       		.uleb128 0x1
 881 000d 52       		.uleb128 0x52
 882 000e 01       		.uleb128 0x1
 883 000f 55       		.uleb128 0x55
 884 0010 06       		.uleb128 0x6
 885 0011 10       		.uleb128 0x10
 886 0012 06       		.uleb128 0x6
 887 0013 00       		.byte	0x0
 888 0014 00       		.byte	0x0
 889 0015 02       		.uleb128 0x2
 890 0016 24       		.uleb128 0x24
 891 0017 00       		.byte	0x0
 892 0018 0B       		.uleb128 0xb
 893 0019 0B       		.uleb128 0xb
 894 001a 3E       		.uleb128 0x3e
 895 001b 0B       		.uleb128 0xb
 896 001c 03       		.uleb128 0x3
 897 001d 0E       		.uleb128 0xe
 898 001e 00       		.byte	0x0
ARM GAS  C:\Users\Chrispy\AppData\Local\Temp\ccv7d6If.s 			page 22


 899 001f 00       		.byte	0x0
 900 0020 03       		.uleb128 0x3
 901 0021 24       		.uleb128 0x24
 902 0022 00       		.byte	0x0
 903 0023 0B       		.uleb128 0xb
 904 0024 0B       		.uleb128 0xb
 905 0025 3E       		.uleb128 0x3e
 906 0026 0B       		.uleb128 0xb
 907 0027 03       		.uleb128 0x3
 908 0028 08       		.uleb128 0x8
 909 0029 00       		.byte	0x0
 910 002a 00       		.byte	0x0
 911 002b 04       		.uleb128 0x4
 912 002c 16       		.uleb128 0x16
 913 002d 00       		.byte	0x0
 914 002e 03       		.uleb128 0x3
 915 002f 0E       		.uleb128 0xe
 916 0030 3A       		.uleb128 0x3a
 917 0031 0B       		.uleb128 0xb
 918 0032 3B       		.uleb128 0x3b
 919 0033 0B       		.uleb128 0xb
 920 0034 49       		.uleb128 0x49
 921 0035 13       		.uleb128 0x13
 922 0036 00       		.byte	0x0
 923 0037 00       		.byte	0x0
 924 0038 05       		.uleb128 0x5
 925 0039 13       		.uleb128 0x13
 926 003a 01       		.byte	0x1
 927 003b 0B       		.uleb128 0xb
 928 003c 0B       		.uleb128 0xb
 929 003d 3A       		.uleb128 0x3a
 930 003e 0B       		.uleb128 0xb
 931 003f 3B       		.uleb128 0x3b
 932 0040 0B       		.uleb128 0xb
 933 0041 01       		.uleb128 0x1
 934 0042 13       		.uleb128 0x13
 935 0043 00       		.byte	0x0
 936 0044 00       		.byte	0x0
 937 0045 06       		.uleb128 0x6
 938 0046 0D       		.uleb128 0xd
 939 0047 00       		.byte	0x0
 940 0048 03       		.uleb128 0x3
 941 0049 0E       		.uleb128 0xe
 942 004a 3A       		.uleb128 0x3a
 943 004b 0B       		.uleb128 0xb
 944 004c 3B       		.uleb128 0x3b
 945 004d 0B       		.uleb128 0xb
 946 004e 49       		.uleb128 0x49
 947 004f 13       		.uleb128 0x13
 948 0050 38       		.uleb128 0x38
 949 0051 0A       		.uleb128 0xa
 950 0052 00       		.byte	0x0
 951 0053 00       		.byte	0x0
 952 0054 07       		.uleb128 0x7
 953 0055 24       		.uleb128 0x24
 954 0056 00       		.byte	0x0
 955 0057 0B       		.uleb128 0xb
ARM GAS  C:\Users\Chrispy\AppData\Local\Temp\ccv7d6If.s 			page 23


 956 0058 0B       		.uleb128 0xb
 957 0059 3E       		.uleb128 0x3e
 958 005a 0B       		.uleb128 0xb
 959 005b 00       		.byte	0x0
 960 005c 00       		.byte	0x0
 961 005d 08       		.uleb128 0x8
 962 005e 2E       		.uleb128 0x2e
 963 005f 00       		.byte	0x0
 964 0060 3F       		.uleb128 0x3f
 965 0061 0C       		.uleb128 0xc
 966 0062 03       		.uleb128 0x3
 967 0063 0E       		.uleb128 0xe
 968 0064 3A       		.uleb128 0x3a
 969 0065 0B       		.uleb128 0xb
 970 0066 3B       		.uleb128 0x3b
 971 0067 0B       		.uleb128 0xb
 972 0068 27       		.uleb128 0x27
 973 0069 0C       		.uleb128 0xc
 974 006a 11       		.uleb128 0x11
 975 006b 01       		.uleb128 0x1
 976 006c 12       		.uleb128 0x12
 977 006d 01       		.uleb128 0x1
 978 006e 40       		.uleb128 0x40
 979 006f 06       		.uleb128 0x6
 980 0070 00       		.byte	0x0
 981 0071 00       		.byte	0x0
 982 0072 09       		.uleb128 0x9
 983 0073 2E       		.uleb128 0x2e
 984 0074 01       		.byte	0x1
 985 0075 3F       		.uleb128 0x3f
 986 0076 0C       		.uleb128 0xc
 987 0077 03       		.uleb128 0x3
 988 0078 0E       		.uleb128 0xe
 989 0079 3A       		.uleb128 0x3a
 990 007a 0B       		.uleb128 0xb
 991 007b 3B       		.uleb128 0x3b
 992 007c 0B       		.uleb128 0xb
 993 007d 27       		.uleb128 0x27
 994 007e 0C       		.uleb128 0xc
 995 007f 11       		.uleb128 0x11
 996 0080 01       		.uleb128 0x1
 997 0081 12       		.uleb128 0x12
 998 0082 01       		.uleb128 0x1
 999 0083 40       		.uleb128 0x40
 1000 0084 06       		.uleb128 0x6
 1001 0085 01       		.uleb128 0x1
 1002 0086 13       		.uleb128 0x13
 1003 0087 00       		.byte	0x0
 1004 0088 00       		.byte	0x0
 1005 0089 0A       		.uleb128 0xa
 1006 008a 05       		.uleb128 0x5
 1007 008b 00       		.byte	0x0
 1008 008c 03       		.uleb128 0x3
 1009 008d 0E       		.uleb128 0xe
 1010 008e 3A       		.uleb128 0x3a
 1011 008f 0B       		.uleb128 0xb
 1012 0090 3B       		.uleb128 0x3b
ARM GAS  C:\Users\Chrispy\AppData\Local\Temp\ccv7d6If.s 			page 24


 1013 0091 0B       		.uleb128 0xb
 1014 0092 49       		.uleb128 0x49
 1015 0093 13       		.uleb128 0x13
 1016 0094 02       		.uleb128 0x2
 1017 0095 0A       		.uleb128 0xa
 1018 0096 00       		.byte	0x0
 1019 0097 00       		.byte	0x0
 1020 0098 0B       		.uleb128 0xb
 1021 0099 34       		.uleb128 0x34
 1022 009a 00       		.byte	0x0
 1023 009b 03       		.uleb128 0x3
 1024 009c 0E       		.uleb128 0xe
 1025 009d 3A       		.uleb128 0x3a
 1026 009e 0B       		.uleb128 0xb
 1027 009f 3B       		.uleb128 0x3b
 1028 00a0 05       		.uleb128 0x5
 1029 00a1 49       		.uleb128 0x49
 1030 00a2 13       		.uleb128 0x13
 1031 00a3 02       		.uleb128 0x2
 1032 00a4 0A       		.uleb128 0xa
 1033 00a5 00       		.byte	0x0
 1034 00a6 00       		.byte	0x0
 1035 00a7 0C       		.uleb128 0xc
 1036 00a8 2E       		.uleb128 0x2e
 1037 00a9 01       		.byte	0x1
 1038 00aa 3F       		.uleb128 0x3f
 1039 00ab 0C       		.uleb128 0xc
 1040 00ac 03       		.uleb128 0x3
 1041 00ad 0E       		.uleb128 0xe
 1042 00ae 3A       		.uleb128 0x3a
 1043 00af 0B       		.uleb128 0xb
 1044 00b0 3B       		.uleb128 0x3b
 1045 00b1 05       		.uleb128 0x5
 1046 00b2 27       		.uleb128 0x27
 1047 00b3 0C       		.uleb128 0xc
 1048 00b4 11       		.uleb128 0x11
 1049 00b5 01       		.uleb128 0x1
 1050 00b6 12       		.uleb128 0x12
 1051 00b7 01       		.uleb128 0x1
 1052 00b8 40       		.uleb128 0x40
 1053 00b9 06       		.uleb128 0x6
 1054 00ba 01       		.uleb128 0x1
 1055 00bb 13       		.uleb128 0x13
 1056 00bc 00       		.byte	0x0
 1057 00bd 00       		.byte	0x0
 1058 00be 0D       		.uleb128 0xd
 1059 00bf 34       		.uleb128 0x34
 1060 00c0 00       		.byte	0x0
 1061 00c1 03       		.uleb128 0x3
 1062 00c2 0E       		.uleb128 0xe
 1063 00c3 3A       		.uleb128 0x3a
 1064 00c4 0B       		.uleb128 0xb
 1065 00c5 3B       		.uleb128 0x3b
 1066 00c6 0B       		.uleb128 0xb
 1067 00c7 49       		.uleb128 0x49
 1068 00c8 13       		.uleb128 0x13
 1069 00c9 02       		.uleb128 0x2
ARM GAS  C:\Users\Chrispy\AppData\Local\Temp\ccv7d6If.s 			page 25


 1070 00ca 0A       		.uleb128 0xa
 1071 00cb 00       		.byte	0x0
 1072 00cc 00       		.byte	0x0
 1073 00cd 0E       		.uleb128 0xe
 1074 00ce 34       		.uleb128 0x34
 1075 00cf 00       		.byte	0x0
 1076 00d0 03       		.uleb128 0x3
 1077 00d1 0E       		.uleb128 0xe
 1078 00d2 3A       		.uleb128 0x3a
 1079 00d3 0B       		.uleb128 0xb
 1080 00d4 3B       		.uleb128 0x3b
 1081 00d5 0B       		.uleb128 0xb
 1082 00d6 49       		.uleb128 0x49
 1083 00d7 13       		.uleb128 0x13
 1084 00d8 3F       		.uleb128 0x3f
 1085 00d9 0C       		.uleb128 0xc
 1086 00da 02       		.uleb128 0x2
 1087 00db 0A       		.uleb128 0xa
 1088 00dc 00       		.byte	0x0
 1089 00dd 00       		.byte	0x0
 1090 00de 00       		.byte	0x0
 1091              		.section	.debug_pubnames,"",%progbits
 1092 0000 BC000000 		.4byte	0xbc
 1093 0004 0200     		.2byte	0x2
 1094 0006 00000000 		.4byte	.Ldebug_info0
 1095 000a FC010000 		.4byte	0x1fc
 1096 000e C2000000 		.4byte	0xc2
 1097 0012 56444143 		.ascii	"VDAC8_1_Init\000"
 1097      385F315F 
 1097      496E6974 
 1097      00
 1098 001f D7000000 		.4byte	0xd7
 1099 0023 56444143 		.ascii	"VDAC8_1_Enable\000"
 1099      385F315F 
 1099      456E6162 
 1099      6C6500
 1100 0032 EC000000 		.4byte	0xec
 1101 0036 56444143 		.ascii	"VDAC8_1_Start\000"
 1101      385F315F 
 1101      53746172 
 1101      7400
 1102 0044 01010000 		.4byte	0x101
 1103 0048 56444143 		.ascii	"VDAC8_1_Stop\000"
 1103      385F315F 
 1103      53746F70 
 1103      00
 1104 0055 16010000 		.4byte	0x116
 1105 0059 56444143 		.ascii	"VDAC8_1_SetSpeed\000"
 1105      385F315F 
 1105      53657453 
 1105      70656564 
 1105      00
 1106 006a 3E010000 		.4byte	0x13e
 1107 006e 56444143 		.ascii	"VDAC8_1_SetRange\000"
 1107      385F315F 
 1107      53657452 
 1107      616E6765 
ARM GAS  C:\Users\Chrispy\AppData\Local\Temp\ccv7d6If.s 			page 26


 1107      00
 1108 007f 66010000 		.4byte	0x166
 1109 0083 56444143 		.ascii	"VDAC8_1_SetValue\000"
 1109      385F315F 
 1109      53657456 
 1109      616C7565 
 1109      00
 1110 0094 9D010000 		.4byte	0x19d
 1111 0098 56444143 		.ascii	"VDAC8_1_DacTrim\000"
 1111      385F315F 
 1111      44616354 
 1111      72696D00 
 1112 00a8 E9010000 		.4byte	0x1e9
 1113 00ac 56444143 		.ascii	"VDAC8_1_initVar\000"
 1113      385F315F 
 1113      696E6974 
 1113      56617200 
 1114 00bc 00000000 		.4byte	0x0
 1115              		.section	.debug_aranges,"",%progbits
 1116 0000 54000000 		.4byte	0x54
 1117 0004 0200     		.2byte	0x2
 1118 0006 00000000 		.4byte	.Ldebug_info0
 1119 000a 04       		.byte	0x4
 1120 000b 00       		.byte	0x0
 1121 000c 0000     		.2byte	0x0
 1122 000e 0000     		.2byte	0x0
 1123 0010 00000000 		.4byte	.LFB0
 1124 0014 32000000 		.4byte	.LFE0-.LFB0
 1125 0018 00000000 		.4byte	.LFB1
 1126 001c 72000000 		.4byte	.LFE1-.LFB1
 1127 0020 00000000 		.4byte	.LFB2
 1128 0024 32000000 		.4byte	.LFE2-.LFB2
 1129 0028 00000000 		.4byte	.LFB3
 1130 002c 70000000 		.4byte	.LFE3-.LFB3
 1131 0030 00000000 		.4byte	.LFB4
 1132 0034 50000000 		.4byte	.LFE4-.LFB4
 1133 0038 00000000 		.4byte	.LFB5
 1134 003c 52000000 		.4byte	.LFE5-.LFB5
 1135 0040 00000000 		.4byte	.LFB6
 1136 0044 3A000000 		.4byte	.LFE6-.LFB6
 1137 0048 00000000 		.4byte	.LFB7
 1138 004c 44000000 		.4byte	.LFE7-.LFB7
 1139 0050 00000000 		.4byte	0x0
 1140 0054 00000000 		.4byte	0x0
 1141              		.section	.debug_ranges,"",%progbits
 1142              	.Ldebug_ranges0:
 1143 0000 00000000 		.4byte	.Ltext0
 1144 0004 00000000 		.4byte	.Letext0
 1145 0008 00000000 		.4byte	.LFB0
 1146 000c 32000000 		.4byte	.LFE0
 1147 0010 00000000 		.4byte	.LFB1
 1148 0014 72000000 		.4byte	.LFE1
 1149 0018 00000000 		.4byte	.LFB2
 1150 001c 32000000 		.4byte	.LFE2
 1151 0020 00000000 		.4byte	.LFB3
 1152 0024 70000000 		.4byte	.LFE3
 1153 0028 00000000 		.4byte	.LFB4
ARM GAS  C:\Users\Chrispy\AppData\Local\Temp\ccv7d6If.s 			page 27


 1154 002c 50000000 		.4byte	.LFE4
 1155 0030 00000000 		.4byte	.LFB5
 1156 0034 52000000 		.4byte	.LFE5
 1157 0038 00000000 		.4byte	.LFB6
 1158 003c 3A000000 		.4byte	.LFE6
 1159 0040 00000000 		.4byte	.LFB7
 1160 0044 44000000 		.4byte	.LFE7
 1161 0048 00000000 		.4byte	0x0
 1162 004c 00000000 		.4byte	0x0
 1163              		.section	.debug_str,"MS",%progbits,1
 1164              	.LASF6:
 1165 0000 6C6F6E67 		.ascii	"long long int\000"
 1165      206C6F6E 
 1165      6720696E 
 1165      7400
 1166              	.LASF26:
 1167 000e 56444143 		.ascii	"VDAC8_1_DacTrim\000"
 1167      385F315F 
 1167      44616354 
 1167      72696D00 
 1168              	.LASF27:
 1169 001e 56444143 		.ascii	"VDAC8_1_intrStatus\000"
 1169      385F315F 
 1169      696E7472 
 1169      53746174 
 1169      757300
 1170              	.LASF22:
 1171 0031 73706565 		.ascii	"speed\000"
 1171      6400
 1172              	.LASF19:
 1173 0037 56444143 		.ascii	"VDAC8_1_Stop\000"
 1173      385F315F 
 1173      53746F70 
 1173      00
 1174              	.LASF25:
 1175 0044 76616C75 		.ascii	"value\000"
 1175      6500
 1176              	.LASF3:
 1177 004a 73686F72 		.ascii	"short unsigned int\000"
 1177      7420756E 
 1177      7369676E 
 1177      65642069 
 1177      6E7400
 1178              	.LASF8:
 1179 005d 756E7369 		.ascii	"unsigned int\000"
 1179      676E6564 
 1179      20696E74 
 1179      00
 1180              	.LASF20:
 1181 006a 56444143 		.ascii	"VDAC8_1_SetSpeed\000"
 1181      385F315F 
 1181      53657453 
 1181      70656564 
 1181      00
 1182              	.LASF13:
 1183 007b 64617461 		.ascii	"data_value\000"
 1183      5F76616C 
ARM GAS  C:\Users\Chrispy\AppData\Local\Temp\ccv7d6If.s 			page 28


 1183      756500
 1184              	.LASF9:
 1185 0086 666C6F61 		.ascii	"float\000"
 1185      7400
 1186              	.LASF1:
 1187 008c 756E7369 		.ascii	"unsigned char\000"
 1187      676E6564 
 1187      20636861 
 1187      7200
 1188              	.LASF17:
 1189 009a 56444143 		.ascii	"VDAC8_1_Enable\000"
 1189      385F315F 
 1189      456E6162 
 1189      6C6500
 1190              	.LASF5:
 1191 00a9 6C6F6E67 		.ascii	"long unsigned int\000"
 1191      20756E73 
 1191      69676E65 
 1191      6420696E 
 1191      7400
 1192              	.LASF14:
 1193 00bb 75696E74 		.ascii	"uint8\000"
 1193      3800
 1194              	.LASF23:
 1195 00c1 72616E67 		.ascii	"range\000"
 1195      6500
 1196              	.LASF18:
 1197 00c7 56444143 		.ascii	"VDAC8_1_Start\000"
 1197      385F315F 
 1197      53746172 
 1197      7400
 1198              	.LASF10:
 1199 00d5 646F7562 		.ascii	"double\000"
 1199      6C6500
 1200              	.LASF32:
 1201 00dc 2E5C4765 		.ascii	".\\Generated_Source\\PSoC5\\VDAC8_1.c\000"
 1201      6E657261 
 1201      7465645F 
 1201      536F7572 
 1201      63655C50 
 1202              	.LASF7:
 1203 00ff 6C6F6E67 		.ascii	"long long unsigned int\000"
 1203      206C6F6E 
 1203      6720756E 
 1203      7369676E 
 1203      65642069 
 1204              	.LASF24:
 1205 0116 56444143 		.ascii	"VDAC8_1_SetValue\000"
 1205      385F315F 
 1205      53657456 
 1205      616C7565 
 1205      00
 1206              	.LASF28:
 1207 0127 6D6F6465 		.ascii	"mode\000"
 1207      00
 1208              	.LASF30:
 1209 012c 56444143 		.ascii	"VDAC8_1_backup\000"
ARM GAS  C:\Users\Chrispy\AppData\Local\Temp\ccv7d6If.s 			page 29


 1209      385F315F 
 1209      6261636B 
 1209      757000
 1210              	.LASF31:
 1211 013b 474E5520 		.ascii	"GNU C 4.4.1\000"
 1211      4320342E 
 1211      342E3100 
 1212              	.LASF16:
 1213 0147 56444143 		.ascii	"VDAC8_1_Init\000"
 1213      385F315F 
 1213      496E6974 
 1213      00
 1214              	.LASF11:
 1215 0154 63686172 		.ascii	"char\000"
 1215      00
 1216              	.LASF34:
 1217 0159 56444143 		.ascii	"VDAC8_1_initVar\000"
 1217      385F315F 
 1217      696E6974 
 1217      56617200 
 1218              	.LASF2:
 1219 0169 73686F72 		.ascii	"short int\000"
 1219      7420696E 
 1219      7400
 1220              	.LASF15:
 1221 0173 56444143 		.ascii	"VDAC8_1_backupStruct\000"
 1221      385F315F 
 1221      6261636B 
 1221      75705374 
 1221      72756374 
 1222              	.LASF29:
 1223 0188 56444143 		.ascii	"VDAC8_1_restoreVal\000"
 1223      385F315F 
 1223      72657374 
 1223      6F726556 
 1223      616C00
 1224              	.LASF33:
 1225 019b 433A5C55 		.ascii	"C:\\Users\\Chrispy\\Documents\\PSoC Creator\\FinalP"
 1225      73657273 
 1225      5C436872 
 1225      69737079 
 1225      5C446F63 
 1226 01c9 726F6A65 		.ascii	"roject\\FinalProject.cydsn\000"
 1226      63745C46 
 1226      696E616C 
 1226      50726F6A 
 1226      6563742E 
 1227              	.LASF4:
 1228 01e3 6C6F6E67 		.ascii	"long int\000"
 1228      20696E74 
 1228      00
 1229              	.LASF12:
 1230 01ec 656E6162 		.ascii	"enableState\000"
 1230      6C655374 
 1230      61746500 
 1231              	.LASF0:
 1232 01f8 7369676E 		.ascii	"signed char\000"
ARM GAS  C:\Users\Chrispy\AppData\Local\Temp\ccv7d6If.s 			page 30


 1232      65642063 
 1232      68617200 
 1233              	.LASF21:
 1234 0204 56444143 		.ascii	"VDAC8_1_SetRange\000"
 1234      385F315F 
 1234      53657452 
 1234      616E6765 
 1234      00
 1235              		.ident	"GCC: (Sourcery G++ Lite 2010q1-188) 4.4.1"
